Entrypoint node cargado
Entrypoint seguridad cargado
Next.js compilado e iniciado en puerto 3001
Página de error copiada a /var/www/html
Nginx iniciado en primer plano (Proxy)
Entrypoint node cargado
Entrypoint seguridad cargado
Next.js compilado e iniciado en puerto 3001
Página de error copiada a /var/www/html
Nginx iniciado en primer plano (Proxy)
Entrypoint node cargado
Entrypoint seguridad cargado
Next.js compilado e iniciado en puerto 3001
Página de error copiada a /var/www/html
Nginx iniciado en primer plano (Proxy)
Entrypoint node cargado
Entrypoint seguridad cargado
Next.js compilado e iniciado en puerto 3001
Página de error copiada a /var/www/html
Nginx iniciado en primer plano (Proxy)
Entrypoint node cargado
Next.js compilado e iniciado en puerto 3001
Página de error copiada a /var/www/html
Nginx iniciado en primer plano (Proxy)
Entrypoint node cargado
Next.js compilado e iniciado en puerto 3001
Página de error copiada a /var/www/html
Nginx iniciado en primer plano (Proxy)
Entrypoint node cargado
Next.js compilado e instalado en /var/www/html
Página de error copiada a /var/www/html
Nginx iniciado en primer plano (Proxy)
Entrypoint node cargado
Next.js compilado e instalado en /var/www/html
Página de error copiada a /var/www/html
Nginx iniciado en primer plano (Proxy)
