Cargando entrypoint Nginx...
ADVERTENCIA: start.sh de Nginx no encontrado
Cambiando directorio...
Directorio cambiado a: /root/admin/nginxpokeapi
Cargando entrypoint PostgreSQL...
Entrypoint PostgreSQL ejecutado
Cargando entrypoint Nginx...
Entrypoint Nginx ejecutado
Cambiando directorio al proyecto NestJS...
Directorio cambiado a: /root/admin/node/proyectos/nestpostgresql
Instalando dependencias NestJS...
Proyecto NestJS construido
Archivos estáticos copiados a /var/www/html
Arrancando NestJS en segundo plano...
Configurando Nginx...
Nginx arrancando en primer plano...
Cargando entrypoint PostgreSQL...
Entrypoint PostgreSQL ejecutado
Cargando entrypoint Nginx...
Entrypoint Nginx ejecutado
Cambiando directorio al proyecto NestJS...
Directorio cambiado a: /root/admin/node/proyectos/nestpostgresql
Instalando dependencias NestJS...
Proyecto NestJS construido
Archivos estáticos copiados a /var/www/html
Arrancando NestJS en segundo plano...
Configurando Nginx...
Nginx arrancando en primer plano...
Cargando entrypoint PostgreSQL...
Entrypoint PostgreSQL ejecutado
Cargando entrypoint Nginx...
Entrypoint Nginx ejecutado
Cambiando directorio al proyecto NestJS...
Directorio cambiado a: /root/admin/node/proyectos/nestpostgresql
Instalando dependencias NestJS...
Proyecto NestJS construido
Archivos estáticos copiados a /var/www/html
Arrancando NestJS en segundo plano...
Configurando Nginx...
Nginx arrancando en primer plano...
=== Iniciando contenedor NestJS ===
Fecha: Wed Feb 25 02:06:45 UTC 2026
Cargando entrypoint PostgreSQL...
Entrypoint PostgreSQL ejecutado
Cargando entrypoint Nginx...
Entrypoint Nginx ejecutado
Cambiando directorio al proyecto NestJS...
Directorio cambiado a: /root/admin/node/proyectos/nestpostgresql
Instalando dependencias NestJS...
Proyecto NestJS construido
Archivos estáticos copiados a /var/www/html
Arrancando NestJS en segundo plano...
Configurando Nginx...
Nginx arrancando en primer plano...
=== Iniciando contenedor NestJS ===
Fecha: Wed Feb 25 02:19:23 UTC 2026
Cargando entrypoint PostgreSQL...
Entrypoint PostgreSQL ejecutado
Cargando entrypoint Nginx...
Entrypoint Nginx ejecutado
Cambiando directorio al proyecto NestJS...
Directorio cambiado a: /root/admin/node/proyectos/nestpostgresql
Instalando dependencias NestJS...
Proyecto NestJS construido
Archivos estáticos copiados a /var/www/html
Arrancando NestJS en segundo plano...
Configurando Nginx...
Nginx arrancando en primer plano...
=== Iniciando contenedor NestJS ===
Fecha: Wed Feb 25 02:28:53 UTC 2026
Cargando entrypoint PostgreSQL...
Entrypoint PostgreSQL ejecutado
Cargando entrypoint Nginx...
Entrypoint Nginx ejecutado
Cambiando directorio al proyecto NestJS...
Directorio cambiado a: /root/admin/node/proyectos/nestpostgresql
Instalando dependencias NestJS...
=== Iniciando contenedor NestJS ===
Fecha: Wed Feb 25 11:48:22 UTC 2026
Cargando entrypoint PostgreSQL...
Entrypoint PostgreSQL ejecutado
Cargando entrypoint Nginx...
Entrypoint Nginx ejecutado
Cambiando directorio al proyecto NestJS...
Directorio cambiado a: /root/admin/node/proyectos/nestpostgresql
Instalando dependencias NestJS...
Proyecto NestJS construido
Archivos estáticos copiados a /var/www/html
Arrancando NestJS en segundo plano...
Configurando Nginx...
Nginx arrancando en primer plano...
=== Iniciando contenedor NestJS ===
Fecha: Wed Feb 25 12:11:19 UTC 2026
Cargando entrypoint PostgreSQL...
Entrypoint PostgreSQL ejecutado
Cargando entrypoint Nginx...
Entrypoint Nginx ejecutado
Cambiando directorio al proyecto NestJS...
Directorio cambiado a: /root/admin/node/proyectos/nestpostgresql
Instalando dependencias NestJS...
Proyecto NestJS construido
Archivos estáticos copiados a /var/www/html
Arrancando NestJS en segundo plano...
Configurando Nginx...
Nginx arrancando en primer plano...
