=== Iniciando capa PostgreSQL (v18) ===
Fecha: Wed Feb 25 00:58:23 UTC 2026
Usuario: postgres | BD: nestasir | Puerto: 5432
Ejecutando entrypoint seguridad...
=== Iniciando capa PostgreSQL (v18) ===
Fecha: Wed Feb 25 01:58:38 UTC 2026
Usuario: postgres | BD: nestasir | Puerto: 5432
Ejecutando entrypoint seguridad...
ADVERTENCIA: Entrypoint seguridad falló, continuando...
Entrypoint seguridad ejecutado
Inicializando cluster PostgreSQL (v18)...
Cluster inicializado
Configurando acceso remoto...
Acceso remoto configurado
Arrancando PostgreSQL temporalmente para configuración...
Contraseña del usuario 'postgres' configurada
Base de datos 'nestasir' creada/verificada
Privilegios otorgados a 'postgres' sobre 'nestasir'
Configuración de usuario y BD completada
Arrancando PostgreSQL en segundo plano...
PostgreSQL arrancado en segundo plano
=== Capa PostgreSQL configurada correctamente ===
=== Iniciando capa PostgreSQL (v18) ===
Fecha: Wed Feb 25 02:17:29 UTC 2026
Usuario: postgres | BD: nestasir | Puerto: 5432
Ejecutando entrypoint seguridad...
ADVERTENCIA: Entrypoint seguridad falló, continuando...
Entrypoint seguridad ejecutado
Inicializando cluster PostgreSQL (v18)...
Cluster inicializado
Configurando acceso remoto...
Acceso remoto configurado
Arrancando PostgreSQL temporalmente para configuración...
Contraseña del usuario 'postgres' configurada
Base de datos 'nestasir' creada/verificada
Privilegios otorgados a 'postgres' sobre 'nestasir'
Configuración de usuario y BD completada
Arrancando PostgreSQL en segundo plano...
PostgreSQL arrancado en segundo plano
=== Capa PostgreSQL configurada correctamente ===
=== Iniciando capa PostgreSQL (v18) ===
Fecha: Wed Feb 25 11:55:25 UTC 2026
Usuario: postgres | BD: nestasir | Puerto: 5432
Ejecutando entrypoint seguridad...
Entrypoint seguridad ejecutado
Inicializando cluster PostgreSQL (v18)...
Cluster inicializado
Configurando acceso remoto...
Acceso remoto configurado
Arrancando PostgreSQL temporalmente para configuración...
Contraseña del usuario 'postgres' configurada
Base de datos 'nestasir' creada/verificada
Privilegios otorgados a 'postgres' sobre 'nestasir'
Configuración de usuario y BD completada
Arrancando PostgreSQL en segundo plano...
PostgreSQL arrancado en segundo plano
=== Capa PostgreSQL configurada correctamente ===
