Ejecutando entrypoint seguridad...
Entrypoint seguridad ejecutado
Configurando Nginx...
Nginx reiniciado
Nginx detenido
Ejecutando entrypoint seguridad...
Entrypoint seguridad ejecutado
Configurando Nginx...
Nginx reiniciado
Nginx detenido
Ejecutando entrypoint seguridad...
Entrypoint seguridad ejecutado
Configurando Nginx...
Nginx reiniciado
Nginx detenido
Ejecutando entrypoint seguridad...
Entrypoint seguridad ejecutado
Configurando Nginx...
Nginx reiniciado
Nginx detenido
Ejecutando entrypoint seguridad...
Entrypoint seguridad ejecutado
Configurando Nginx...
Nginx reiniciado
Nginx detenido
Ejecutando entrypoint seguridad...
Entrypoint seguridad ejecutado
Configurando Nginx...
Nginx reiniciado
Nginx detenido
Ejecutando entrypoint seguridad...
Entrypoint seguridad ejecutado
Configurando Nginx...
Nginx reiniciado
Nginx detenido
Ejecutando entrypoint seguridad...
Entrypoint seguridad ejecutado
Configurando Nginx...
Nginx reiniciado
Nginx detenido
