Cargando entrypoint Nginx...
ADVERTENCIA: start.sh de Nginx no encontrado
Ejecutando entrypoint seguridad...
Entrypoint seguridad ejecutado
Cambiando directorio al proyecto NestJS...
Directorio cambiado a: /root/admin/node/proyectos/nestpostgresql
Instalando dependencias NestJS...
Dependencias instaladas
Compilando proyecto NestJS...
Proyecto compilado exitosamente
Arrancando NestJS en modo producción...
Cargando entrypoint Nginx...
ADVERTENCIA: start.sh de Nginx no encontrado
Ejecutando entrypoint seguridad...
Entrypoint seguridad ejecutado
Cambiando directorio al proyecto NestJS...
Directorio cambiado a: /root/admin/node/proyectos/nestpostgresql
Instalando dependencias NestJS...
Cargando entrypoint Nginx...
ADVERTENCIA: start.sh de Nginx no encontrado
Ejecutando entrypoint seguridad...
Entrypoint seguridad ejecutado
Cambiando directorio al proyecto NestJS...
Directorio cambiado a: /root/admin/node/proyectos/nestpostgresql
Instalando dependencias NestJS...
Dependencias instaladas
Compilando proyecto NestJS...
Proyecto compilado exitosamente
Arrancando NestJS en modo producción...
Cargando entrypoint Nginx...
ADVERTENCIA: start.sh de Nginx no encontrado
Ejecutando entrypoint seguridad...
Entrypoint seguridad ejecutado
Cambiando directorio al proyecto NestJS...
Directorio cambiado a: /root/admin/node/proyectos/nestpostgresql
Instalando dependencias NestJS...
Cargando entrypoint Nginx...
ADVERTENCIA: start.sh de Nginx no encontrado
Ejecutando entrypoint seguridad...
Entrypoint seguridad ejecutado
Cambiando directorio al proyecto NestJS...
Directorio cambiado a: /root/admin/node/proyectos/nestpostgresql
Instalando dependencias NestJS...
Cargando entrypoint Nginx...
ADVERTENCIA: start.sh de Nginx no encontrado
Ejecutando entrypoint seguridad...
Entrypoint seguridad ejecutado
Cambiando directorio al proyecto NestJS...
Directorio cambiado a: /root/admin/node/proyectos/nestpostgresql
Instalando dependencias NestJS...
Dependencias instaladas
Compilando proyecto NestJS...
Proyecto compilado exitosamente
Arrancando NestJS en modo producción...
