El usuario jiahao no existe. Creando usuario...
El directorio /home/jiahao no existe.
Usuario jiahao creado con éxito.
Configurando sudo para jiahao...
Sudo configurado
Configurando SSH...
Clave SSH añadida
SSH configurado y funcionando
El usuario jiahao no existe. Creando usuario...
El directorio /home/jiahao no existe.
Usuario jiahao creado con éxito.
Configurando sudo para jiahao...
Sudo configurado
Configurando SSH...
Clave SSH añadida
SSH configurado y funcionando
El usuario jiahao no existe. Creando usuario...
El directorio /home/jiahao no existe.
Usuario jiahao creado con éxito.
Configurando sudo para jiahao...
Sudo configurado
Configurando SSH...
Clave SSH añadida
SSH configurado y funcionando
El usuario jiahao no existe. Creando usuario...
El directorio /home/jiahao no existe.
Usuario jiahao creado con éxito.
Configurando sudo para jiahao...
Sudo configurado
Configurando SSH...
Clave SSH añadida
SSH configurado y funcionando
El usuario jiahao no existe. Creando usuario...
El directorio /home/jiahao no existe.
Usuario jiahao creado con éxito.
Configurando sudo para jiahao...
Sudo configurado
Configurando SSH...
Clave SSH añadida
SSH configurado y funcionando
El usuario javier no existe. Creando usuario...
El directorio /home/javier no existe.
Usuario javier creado con éxito.
Configurando sudo para javier...
Sudo configurado
Configurando SSH...
Clave SSH añadida
SSH configurado y funcionando
